-------------------------------------------------------------------------------
Test set: sfgpetcliniq.SfgPetCliniqApplicationTests
-------------------------------------------------------------------------------
Tests run: 1, Failures: 0, Errors: 1, Skipped: 0, Time elapsed: 0.688 s <<< FAILURE! - in sfgpetcliniq.SfgPetCliniqApplicationTests
sfgpetcliniq.SfgPetCliniqApplicationTests  Time elapsed: 0.687 s  <<< ERROR!
java.lang.IllegalStateException: Unable to find a @SpringBootConfiguration, you need to use @ContextConfiguration or @SpringBootTest(classes=...) with your test

